{"/Users/noyamsalem/second_app/src/server.ts": {"path":"/Users/noyamsalem/second_app/src/server.ts","statementMap":{"0":{"start":{"line":1,"column":0},"end":{"line":1,"column":28}},"1":{"start":{"line":2,"column":0},"end":{"line":2,"column":47}},"2":{"start":{"line":3,"column":0},"end":{"line":3,"column":32}},"3":{"start":{"line":4,"column":0},"end":{"line":4,"column":37}},"4":{"start":{"line":5,"column":0},"end":{"line":5,"column":41}},"5":{"start":{"line":6,"column":0},"end":{"line":6,"column":43}},"6":{"start":{"line":9,"column":0},"end":{"line":9,"column":16}},"7":{"start":{"line":12,"column":25},"end":{"line":12,"column":34}},"8":{"start":{"line":15,"column":0},"end":{"line":15,"column":27}},"9":{"start":{"line":17,"column":0},"end":{"line":17,"column":51}},"10":{"start":{"line":18,"column":0},"end":{"line":18,"column":67}},"11":{"start":{"line":21,"column":23},"end":{"line":41,"column":2}},"12":{"start":{"line":43,"column":20},"end":{"line":43,"column":48}},"13":{"start":{"line":44,"column":0},"end":{"line":44,"column":68}},"14":{"start":{"line":47,"column":0},"end":{"line":47,"column":47}},"15":{"start":{"line":48,"column":0},"end":{"line":48,"column":47}},"16":{"start":{"line":49,"column":0},"end":{"line":49,"column":53}},"17":{"start":{"line":51,"column":0},"end":{"line":51,"column":31}},"18":{"start":{"line":52,"column":0},"end":{"line":52,"column":30}},"19":{"start":{"line":53,"column":0},"end":{"line":53,"column":36}},"20":{"start":{"line":56,"column":0},"end":{"line":59,"column":80}},"21":{"start":{"line":58,"column":16},"end":{"line":58,"column":51}},"22":{"start":{"line":59,"column":20},"end":{"line":59,"column":78}},"23":{"start":{"line":62,"column":13},"end":{"line":62,"column":37}},"24":{"start":{"line":65,"column":0},"end":{"line":65,"column":19}},"25":{"start":{"line":68,"column":0},"end":{"line":73,"column":1}},"26":{"start":{"line":69,"column":4},"end":{"line":72,"column":7}},"27":{"start":{"line":70,"column":8},"end":{"line":70,"column":69}},"28":{"start":{"line":71,"column":8},"end":{"line":71,"column":92}}},"fnMap":{"0":{"name":"(anonymous_1)","decl":{"start":{"line":58,"column":10},"end":{"line":58,"column":13}},"loc":{"start":{"line":58,"column":16},"end":{"line":58,"column":51}}},"1":{"name":"(anonymous_2)","decl":{"start":{"line":59,"column":11},"end":{"line":59,"column":12}},"loc":{"start":{"line":59,"column":20},"end":{"line":59,"column":78}}},"2":{"name":"(anonymous_3)","decl":{"start":{"line":69,"column":21},"end":{"line":69,"column":24}},"loc":{"start":{"line":69,"column":26},"end":{"line":72,"column":5}}}},"branchMap":{"0":{"loc":{"start":{"line":57,"column":13},"end":{"line":57,"column":74}},"type":"binary-expr","locations":[{"start":{"line":57,"column":13},"end":{"line":57,"column":34}},{"start":{"line":57,"column":38},"end":{"line":57,"column":74}}]},"1":{"loc":{"start":{"line":62,"column":13},"end":{"line":62,"column":37}},"type":"binary-expr","locations":[{"start":{"line":62,"column":13},"end":{"line":62,"column":29}},{"start":{"line":62,"column":33},"end":{"line":62,"column":37}}]},"2":{"loc":{"start":{"line":68,"column":0},"end":{"line":73,"column":1}},"type":"if","locations":[{"start":{"line":68,"column":0},"end":{"line":73,"column":1}}]}},"s":{"0":3,"1":3,"2":3,"3":3,"4":3,"5":3,"6":3,"7":3,"8":3,"9":3,"10":3,"11":3,"12":3,"13":3,"14":3,"15":3,"16":3,"17":3,"18":3,"19":3,"20":3,"21":3,"22":0,"23":3,"24":3,"25":3,"26":0,"27":0,"28":0},"f":{"0":3,"1":0,"2":0},"b":{"0":[3,0],"1":[3,0],"2":[0]}}
,"/Users/noyamsalem/second_app/src/controllers/commentsController.ts": {"path":"/Users/noyamsalem/second_app/src/controllers/commentsController.ts","statementMap":{"0":{"start":{"line":12,"column":0},"end":{"line":12,"column":54}},"1":{"start":{"line":13,"column":0},"end":{"line":13,"column":34}},"2":{"start":{"line":14,"column":0},"end":{"line":14,"column":34}},"3":{"start":{"line":17,"column":29},"end":{"line":46,"column":2}},"4":{"start":{"line":17,"column":82},"end":{"line":46,"column":2}},"5":{"start":{"line":18,"column":32},"end":{"line":18,"column":40}},"6":{"start":{"line":19,"column":19},"end":{"line":19,"column":35}},"7":{"start":{"line":21,"column":4},"end":{"line":45,"column":5}},"8":{"start":{"line":22,"column":21},"end":{"line":22,"column":48}},"9":{"start":{"line":23,"column":8},"end":{"line":26,"column":9}},"10":{"start":{"line":24,"column":12},"end":{"line":24,"column":64}},"11":{"start":{"line":25,"column":12},"end":{"line":25,"column":19}},"12":{"start":{"line":28,"column":21},"end":{"line":28,"column":48}},"13":{"start":{"line":29,"column":8},"end":{"line":32,"column":9}},"14":{"start":{"line":30,"column":12},"end":{"line":30,"column":64}},"15":{"start":{"line":31,"column":12},"end":{"line":31,"column":19}},"16":{"start":{"line":34,"column":27},"end":{"line":38,"column":10}},"17":{"start":{"line":40,"column":8},"end":{"line":40,"column":32}},"18":{"start":{"line":41,"column":8},"end":{"line":41,"column":95}},"19":{"start":{"line":43,"column":8},"end":{"line":43,"column":56}},"20":{"start":{"line":44,"column":8},"end":{"line":44,"column":75}},"21":{"start":{"line":17,"column":13},"end":{"line":17,"column":29}},"22":{"start":{"line":49,"column":26},"end":{"line":57,"column":2}},"23":{"start":{"line":49,"column":79},"end":{"line":57,"column":2}},"24":{"start":{"line":50,"column":4},"end":{"line":56,"column":5}},"25":{"start":{"line":51,"column":24},"end":{"line":51,"column":45}},"26":{"start":{"line":52,"column":8},"end":{"line":52,"column":29}},"27":{"start":{"line":53,"column":8},"end":{"line":53,"column":38}},"28":{"start":{"line":55,"column":8},"end":{"line":55,"column":36}},"29":{"start":{"line":49,"column":13},"end":{"line":49,"column":26}},"30":{"start":{"line":60,"column":33},"end":{"line":67,"column":2}},"31":{"start":{"line":60,"column":86},"end":{"line":67,"column":2}},"32":{"start":{"line":61,"column":4},"end":{"line":66,"column":5}},"33":{"start":{"line":62,"column":25},"end":{"line":62,"column":74}},"34":{"start":{"line":63,"column":8},"end":{"line":63,"column":39}},"35":{"start":{"line":65,"column":8},"end":{"line":65,"column":36}},"36":{"start":{"line":60,"column":13},"end":{"line":60,"column":33}},"37":{"start":{"line":70,"column":29},"end":{"line":81,"column":2}},"38":{"start":{"line":70,"column":82},"end":{"line":81,"column":2}},"39":{"start":{"line":71,"column":4},"end":{"line":80,"column":5}},"40":{"start":{"line":72,"column":24},"end":{"line":72,"column":95}},"41":{"start":{"line":73,"column":8},"end":{"line":76,"column":9}},"42":{"start":{"line":74,"column":12},"end":{"line":74,"column":65}},"43":{"start":{"line":75,"column":12},"end":{"line":75,"column":19}},"44":{"start":{"line":77,"column":8},"end":{"line":77,"column":38}},"45":{"start":{"line":79,"column":8},"end":{"line":79,"column":36}},"46":{"start":{"line":70,"column":13},"end":{"line":70,"column":29}},"47":{"start":{"line":84,"column":29},"end":{"line":95,"column":2}},"48":{"start":{"line":84,"column":82},"end":{"line":95,"column":2}},"49":{"start":{"line":85,"column":4},"end":{"line":94,"column":5}},"50":{"start":{"line":86,"column":24},"end":{"line":86,"column":70}},"51":{"start":{"line":87,"column":8},"end":{"line":90,"column":9}},"52":{"start":{"line":88,"column":12},"end":{"line":88,"column":65}},"53":{"start":{"line":89,"column":12},"end":{"line":89,"column":19}},"54":{"start":{"line":91,"column":8},"end":{"line":91,"column":61}},"55":{"start":{"line":93,"column":8},"end":{"line":93,"column":36}},"56":{"start":{"line":84,"column":13},"end":{"line":84,"column":29}}},"fnMap":{"0":{"name":"(anonymous_8)","decl":{"start":{"line":17,"column":29},"end":{"line":17,"column":36}},"loc":{"start":{"line":17,"column":82},"end":{"line":46,"column":2}}},"1":{"name":"(anonymous_9)","decl":{"start":{"line":17,"column":82},"end":{"line":17,"column":null}},"loc":{"start":{"line":17,"column":82},"end":{"line":46,"column":1}}},"2":{"name":"(anonymous_10)","decl":{"start":{"line":49,"column":26},"end":{"line":49,"column":33}},"loc":{"start":{"line":49,"column":79},"end":{"line":57,"column":2}}},"3":{"name":"(anonymous_11)","decl":{"start":{"line":49,"column":79},"end":{"line":49,"column":null}},"loc":{"start":{"line":49,"column":79},"end":{"line":57,"column":1}}},"4":{"name":"(anonymous_12)","decl":{"start":{"line":60,"column":33},"end":{"line":60,"column":40}},"loc":{"start":{"line":60,"column":86},"end":{"line":67,"column":2}}},"5":{"name":"(anonymous_13)","decl":{"start":{"line":60,"column":86},"end":{"line":60,"column":null}},"loc":{"start":{"line":60,"column":86},"end":{"line":67,"column":1}}},"6":{"name":"(anonymous_14)","decl":{"start":{"line":70,"column":29},"end":{"line":70,"column":36}},"loc":{"start":{"line":70,"column":82},"end":{"line":81,"column":2}}},"7":{"name":"(anonymous_15)","decl":{"start":{"line":70,"column":82},"end":{"line":70,"column":null}},"loc":{"start":{"line":70,"column":82},"end":{"line":81,"column":1}}},"8":{"name":"(anonymous_16)","decl":{"start":{"line":84,"column":29},"end":{"line":84,"column":36}},"loc":{"start":{"line":84,"column":82},"end":{"line":95,"column":2}}},"9":{"name":"(anonymous_17)","decl":{"start":{"line":84,"column":82},"end":{"line":84,"column":null}},"loc":{"start":{"line":84,"column":82},"end":{"line":95,"column":1}}}},"branchMap":{"0":{"loc":{"start":{"line":19,"column":19},"end":{"line":19,"column":35}},"type":"cond-expr","locations":[{"start":{"line":19,"column":27},"end":{"line":19,"column":29}},{"start":{"line":19,"column":27},"end":{"line":19,"column":35}}]},"1":{"loc":{"start":{"line":19,"column":19},"end":{"line":19,"column":29}},"type":"binary-expr","locations":[{"start":{"line":19,"column":19},"end":{"line":19,"column":29}},{"start":{"line":19,"column":27},"end":{"line":19,"column":29}}]},"2":{"loc":{"start":{"line":23,"column":8},"end":{"line":26,"column":9}},"type":"if","locations":[{"start":{"line":23,"column":8},"end":{"line":26,"column":9}}]},"3":{"loc":{"start":{"line":29,"column":8},"end":{"line":32,"column":9}},"type":"if","locations":[{"start":{"line":29,"column":8},"end":{"line":32,"column":9}}]},"4":{"loc":{"start":{"line":73,"column":8},"end":{"line":76,"column":9}},"type":"if","locations":[{"start":{"line":73,"column":8},"end":{"line":76,"column":9}}]},"5":{"loc":{"start":{"line":87,"column":8},"end":{"line":90,"column":9}},"type":"if","locations":[{"start":{"line":87,"column":8},"end":{"line":90,"column":9}}]}},"s":{"0":3,"1":3,"2":3,"3":3,"4":0,"5":0,"6":0,"7":0,"8":0,"9":0,"10":0,"11":0,"12":0,"13":0,"14":0,"15":0,"16":0,"17":0,"18":0,"19":0,"20":0,"21":3,"22":3,"23":1,"24":1,"25":1,"26":1,"27":1,"28":0,"29":3,"30":3,"31":1,"32":1,"33":1,"34":1,"35":0,"36":3,"37":3,"38":1,"39":1,"40":1,"41":1,"42":0,"43":0,"44":1,"45":0,"46":3,"47":3,"48":1,"49":1,"50":1,"51":1,"52":0,"53":0,"54":1,"55":0,"56":3},"f":{"0":0,"1":0,"2":1,"3":1,"4":1,"5":1,"6":1,"7":1,"8":1,"9":1},"b":{"0":[0,0],"1":[0,0],"2":[0],"3":[0],"4":[0],"5":[0]}}
,"/Users/noyamsalem/second_app/src/controllers/postsController.ts": {"path":"/Users/noyamsalem/second_app/src/controllers/postsController.ts","statementMap":{"0":{"start":{"line":2,"column":0},"end":{"line":2,"column":45}},"1":{"start":{"line":3,"column":0},"end":{"line":3,"column":34}},"2":{"start":{"line":6,"column":26},"end":{"line":29,"column":2}},"3":{"start":{"line":6,"column":79},"end":{"line":29,"column":2}},"4":{"start":{"line":7,"column":31},"end":{"line":7,"column":39}},"5":{"start":{"line":8,"column":19},"end":{"line":8,"column":35}},"6":{"start":{"line":10,"column":4},"end":{"line":28,"column":5}},"7":{"start":{"line":11,"column":21},"end":{"line":11,"column":48}},"8":{"start":{"line":12,"column":8},"end":{"line":15,"column":9}},"9":{"start":{"line":13,"column":12},"end":{"line":13,"column":64}},"10":{"start":{"line":14,"column":12},"end":{"line":14,"column":19}},"11":{"start":{"line":17,"column":24},"end":{"line":21,"column":10}},"12":{"start":{"line":23,"column":8},"end":{"line":23,"column":29}},"13":{"start":{"line":24,"column":8},"end":{"line":24,"column":86}},"14":{"start":{"line":26,"column":8},"end":{"line":26,"column":53}},"15":{"start":{"line":27,"column":8},"end":{"line":27,"column":72}},"16":{"start":{"line":6,"column":13},"end":{"line":6,"column":26}},"17":{"start":{"line":32,"column":23},"end":{"line":40,"column":2}},"18":{"start":{"line":32,"column":76},"end":{"line":40,"column":2}},"19":{"start":{"line":33,"column":4},"end":{"line":39,"column":5}},"20":{"start":{"line":34,"column":21},"end":{"line":34,"column":39}},"21":{"start":{"line":35,"column":8},"end":{"line":35,"column":26}},"22":{"start":{"line":36,"column":8},"end":{"line":36,"column":35}},"23":{"start":{"line":38,"column":8},"end":{"line":38,"column":36}},"24":{"start":{"line":32,"column":13},"end":{"line":32,"column":23}},"25":{"start":{"line":43,"column":27},"end":{"line":64,"column":2}},"26":{"start":{"line":43,"column":80},"end":{"line":64,"column":2}},"27":{"start":{"line":44,"column":4},"end":{"line":63,"column":5}},"28":{"start":{"line":45,"column":27},"end":{"line":45,"column":36}},"29":{"start":{"line":47,"column":8},"end":{"line":55,"column":9}},"30":{"start":{"line":48,"column":26},"end":{"line":48,"column":71}},"31":{"start":{"line":49,"column":12},"end":{"line":52,"column":13}},"32":{"start":{"line":50,"column":16},"end":{"line":50,"column":90}},"33":{"start":{"line":51,"column":16},"end":{"line":51,"column":23}},"34":{"start":{"line":53,"column":12},"end":{"line":53,"column":40}},"35":{"start":{"line":54,"column":12},"end":{"line":54,"column":19}},"36":{"start":{"line":57,"column":22},"end":{"line":57,"column":39}},"37":{"start":{"line":58,"column":8},"end":{"line":58,"column":36}},"38":{"start":{"line":60,"column":8},"end":{"line":60,"column":66}},"39":{"start":{"line":43,"column":13},"end":{"line":43,"column":27}},"40":{"start":{"line":67,"column":27},"end":{"line":78,"column":2}},"41":{"start":{"line":67,"column":80},"end":{"line":78,"column":2}},"42":{"start":{"line":68,"column":4},"end":{"line":77,"column":5}},"43":{"start":{"line":69,"column":21},"end":{"line":69,"column":55}},"44":{"start":{"line":70,"column":8},"end":{"line":73,"column":9}},"45":{"start":{"line":71,"column":12},"end":{"line":71,"column":62}},"46":{"start":{"line":72,"column":12},"end":{"line":72,"column":19}},"47":{"start":{"line":74,"column":8},"end":{"line":74,"column":35}},"48":{"start":{"line":76,"column":8},"end":{"line":76,"column":36}},"49":{"start":{"line":67,"column":13},"end":{"line":67,"column":27}},"50":{"start":{"line":81,"column":26},"end":{"line":92,"column":2}},"51":{"start":{"line":81,"column":79},"end":{"line":92,"column":2}},"52":{"start":{"line":82,"column":4},"end":{"line":91,"column":5}},"53":{"start":{"line":83,"column":21},"end":{"line":83,"column":89}},"54":{"start":{"line":84,"column":8},"end":{"line":87,"column":9}},"55":{"start":{"line":85,"column":12},"end":{"line":85,"column":62}},"56":{"start":{"line":86,"column":12},"end":{"line":86,"column":19}},"57":{"start":{"line":88,"column":8},"end":{"line":88,"column":35}},"58":{"start":{"line":90,"column":8},"end":{"line":90,"column":36}},"59":{"start":{"line":81,"column":13},"end":{"line":81,"column":26}},"60":{"start":{"line":95,"column":32},"end":{"line":114,"column":2}},"61":{"start":{"line":95,"column":85},"end":{"line":114,"column":2}},"62":{"start":{"line":96,"column":19},"end":{"line":96,"column":36}},"63":{"start":{"line":98,"column":4},"end":{"line":113,"column":5}},"64":{"start":{"line":99,"column":8},"end":{"line":102,"column":9}},"65":{"start":{"line":100,"column":12},"end":{"line":100,"column":84}},"66":{"start":{"line":101,"column":12},"end":{"line":101,"column":19}},"67":{"start":{"line":104,"column":22},"end":{"line":104,"column":57}},"68":{"start":{"line":105,"column":8},"end":{"line":108,"column":9}},"69":{"start":{"line":106,"column":12},"end":{"line":106,"column":86}},"70":{"start":{"line":107,"column":12},"end":{"line":107,"column":19}},"71":{"start":{"line":110,"column":8},"end":{"line":110,"column":36}},"72":{"start":{"line":112,"column":8},"end":{"line":112,"column":66}},"73":{"start":{"line":95,"column":13},"end":{"line":95,"column":32}},"74":{"start":{"line":117,"column":26},"end":{"line":128,"column":2}},"75":{"start":{"line":117,"column":79},"end":{"line":128,"column":2}},"76":{"start":{"line":118,"column":4},"end":{"line":127,"column":5}},"77":{"start":{"line":119,"column":21},"end":{"line":119,"column":64}},"78":{"start":{"line":120,"column":8},"end":{"line":123,"column":9}},"79":{"start":{"line":121,"column":12},"end":{"line":121,"column":62}},"80":{"start":{"line":122,"column":12},"end":{"line":122,"column":19}},"81":{"start":{"line":124,"column":8},"end":{"line":124,"column":71}},"82":{"start":{"line":126,"column":8},"end":{"line":126,"column":36}},"83":{"start":{"line":117,"column":13},"end":{"line":117,"column":26}}},"fnMap":{"0":{"name":"(anonymous_8)","decl":{"start":{"line":6,"column":26},"end":{"line":6,"column":33}},"loc":{"start":{"line":6,"column":79},"end":{"line":29,"column":2}}},"1":{"name":"(anonymous_9)","decl":{"start":{"line":6,"column":79},"end":{"line":6,"column":null}},"loc":{"start":{"line":6,"column":79},"end":{"line":29,"column":1}}},"2":{"name":"(anonymous_10)","decl":{"start":{"line":32,"column":23},"end":{"line":32,"column":30}},"loc":{"start":{"line":32,"column":76},"end":{"line":40,"column":2}}},"3":{"name":"(anonymous_11)","decl":{"start":{"line":32,"column":76},"end":{"line":32,"column":null}},"loc":{"start":{"line":32,"column":76},"end":{"line":40,"column":1}}},"4":{"name":"(anonymous_12)","decl":{"start":{"line":43,"column":27},"end":{"line":43,"column":34}},"loc":{"start":{"line":43,"column":80},"end":{"line":64,"column":2}}},"5":{"name":"(anonymous_13)","decl":{"start":{"line":43,"column":80},"end":{"line":43,"column":null}},"loc":{"start":{"line":43,"column":80},"end":{"line":64,"column":1}}},"6":{"name":"(anonymous_14)","decl":{"start":{"line":67,"column":27},"end":{"line":67,"column":34}},"loc":{"start":{"line":67,"column":80},"end":{"line":78,"column":2}}},"7":{"name":"(anonymous_15)","decl":{"start":{"line":67,"column":80},"end":{"line":67,"column":null}},"loc":{"start":{"line":67,"column":80},"end":{"line":78,"column":1}}},"8":{"name":"(anonymous_16)","decl":{"start":{"line":81,"column":26},"end":{"line":81,"column":33}},"loc":{"start":{"line":81,"column":79},"end":{"line":92,"column":2}}},"9":{"name":"(anonymous_17)","decl":{"start":{"line":81,"column":79},"end":{"line":81,"column":null}},"loc":{"start":{"line":81,"column":79},"end":{"line":92,"column":1}}},"10":{"name":"(anonymous_18)","decl":{"start":{"line":95,"column":32},"end":{"line":95,"column":39}},"loc":{"start":{"line":95,"column":85},"end":{"line":114,"column":2}}},"11":{"name":"(anonymous_19)","decl":{"start":{"line":95,"column":85},"end":{"line":95,"column":null}},"loc":{"start":{"line":95,"column":85},"end":{"line":114,"column":1}}},"12":{"name":"(anonymous_20)","decl":{"start":{"line":117,"column":26},"end":{"line":117,"column":33}},"loc":{"start":{"line":117,"column":79},"end":{"line":128,"column":2}}},"13":{"name":"(anonymous_21)","decl":{"start":{"line":117,"column":79},"end":{"line":117,"column":null}},"loc":{"start":{"line":117,"column":79},"end":{"line":128,"column":1}}}},"branchMap":{"0":{"loc":{"start":{"line":8,"column":19},"end":{"line":8,"column":35}},"type":"cond-expr","locations":[{"start":{"line":8,"column":27},"end":{"line":8,"column":29}},{"start":{"line":8,"column":27},"end":{"line":8,"column":35}}]},"1":{"loc":{"start":{"line":8,"column":19},"end":{"line":8,"column":29}},"type":"binary-expr","locations":[{"start":{"line":8,"column":19},"end":{"line":8,"column":29}},{"start":{"line":8,"column":27},"end":{"line":8,"column":29}}]},"2":{"loc":{"start":{"line":12,"column":8},"end":{"line":15,"column":9}},"type":"if","locations":[{"start":{"line":12,"column":8},"end":{"line":15,"column":9}}]},"3":{"loc":{"start":{"line":47,"column":8},"end":{"line":55,"column":9}},"type":"if","locations":[{"start":{"line":47,"column":8},"end":{"line":55,"column":9}}]},"4":{"loc":{"start":{"line":49,"column":12},"end":{"line":52,"column":13}},"type":"if","locations":[{"start":{"line":49,"column":12},"end":{"line":52,"column":13}}]},"5":{"loc":{"start":{"line":70,"column":8},"end":{"line":73,"column":9}},"type":"if","locations":[{"start":{"line":70,"column":8},"end":{"line":73,"column":9}}]},"6":{"loc":{"start":{"line":84,"column":8},"end":{"line":87,"column":9}},"type":"if","locations":[{"start":{"line":84,"column":8},"end":{"line":87,"column":9}}]},"7":{"loc":{"start":{"line":99,"column":8},"end":{"line":102,"column":9}},"type":"if","locations":[{"start":{"line":99,"column":8},"end":{"line":102,"column":9}}]},"8":{"loc":{"start":{"line":105,"column":8},"end":{"line":108,"column":9}},"type":"if","locations":[{"start":{"line":105,"column":8},"end":{"line":108,"column":9}}]},"9":{"loc":{"start":{"line":120,"column":8},"end":{"line":123,"column":9}},"type":"if","locations":[{"start":{"line":120,"column":8},"end":{"line":123,"column":9}}]}},"s":{"0":3,"1":3,"2":3,"3":0,"4":0,"5":0,"6":0,"7":0,"8":0,"9":0,"10":0,"11":0,"12":0,"13":0,"14":0,"15":0,"16":3,"17":3,"18":1,"19":1,"20":1,"21":1,"22":1,"23":0,"24":3,"25":3,"26":1,"27":1,"28":1,"29":1,"30":0,"31":0,"32":0,"33":0,"34":0,"35":0,"36":1,"37":1,"38":0,"39":3,"40":3,"41":1,"42":1,"43":1,"44":1,"45":0,"46":0,"47":1,"48":0,"49":3,"50":3,"51":1,"52":1,"53":1,"54":1,"55":0,"56":0,"57":1,"58":0,"59":3,"60":3,"61":1,"62":1,"63":1,"64":1,"65":0,"66":0,"67":1,"68":1,"69":0,"70":0,"71":1,"72":0,"73":3,"74":3,"75":1,"76":1,"77":1,"78":1,"79":0,"80":0,"81":1,"82":0,"83":3},"f":{"0":0,"1":0,"2":1,"3":1,"4":1,"5":1,"6":1,"7":1,"8":1,"9":1,"10":1,"11":1,"12":1,"13":1},"b":{"0":[0,0],"1":[0,0],"2":[0],"3":[0],"4":[0],"5":[0],"6":[0],"7":[0],"8":[0],"9":[0]}}
,"/Users/noyamsalem/second_app/src/controllers/usersController.ts": {"path":"/Users/noyamsalem/second_app/src/controllers/usersController.ts","statementMap":{"0":{"start":{"line":1,"column":0},"end":{"line":1,"column":28}},"1":{"start":{"line":2,"column":0},"end":{"line":2,"column":28}},"2":{"start":{"line":3,"column":0},"end":{"line":3,"column":31}},"3":{"start":{"line":5,"column":0},"end":{"line":5,"column":45}},"4":{"start":{"line":7,"column":0},"end":{"line":7,"column":16}},"5":{"start":{"line":9,"column":19},"end":{"line":9,"column":57}},"6":{"start":{"line":10,"column":27},"end":{"line":10,"column":81}},"7":{"start":{"line":13,"column":28},"end":{"line":46,"column":2}},"8":{"start":{"line":13,"column":81},"end":{"line":46,"column":2}},"9":{"start":{"line":14,"column":42},"end":{"line":14,"column":50}},"10":{"start":{"line":16,"column":4},"end":{"line":45,"column":5}},"11":{"start":{"line":17,"column":8},"end":{"line":20,"column":9}},"12":{"start":{"line":18,"column":12},"end":{"line":18,"column":73}},"13":{"start":{"line":19,"column":12},"end":{"line":19,"column":19}},"14":{"start":{"line":22,"column":29},"end":{"line":22,"column":104}},"15":{"start":{"line":23,"column":8},"end":{"line":26,"column":9}},"16":{"start":{"line":24,"column":12},"end":{"line":24,"column":69}},"17":{"start":{"line":25,"column":12},"end":{"line":25,"column":19}},"18":{"start":{"line":29,"column":8},"end":{"line":29,"column":58}},"19":{"start":{"line":30,"column":31},"end":{"line":30,"column":62}},"20":{"start":{"line":31,"column":8},"end":{"line":31,"column":68}},"21":{"start":{"line":33,"column":24},"end":{"line":37,"column":10}},"22":{"start":{"line":39,"column":8},"end":{"line":39,"column":29}},"23":{"start":{"line":41,"column":8},"end":{"line":41,"column":74}},"24":{"start":{"line":43,"column":8},"end":{"line":43,"column":59}},"25":{"start":{"line":44,"column":8},"end":{"line":44,"column":101}},"26":{"start":{"line":13,"column":13},"end":{"line":13,"column":28}},"27":{"start":{"line":50,"column":23},"end":{"line":54,"column":1}},"28":{"start":{"line":51,"column":18},"end":{"line":51,"column":71}},"29":{"start":{"line":52,"column":25},"end":{"line":52,"column":86}},"30":{"start":{"line":53,"column":4},"end":{"line":53,"column":35}},"31":{"start":{"line":57,"column":25},"end":{"line":90,"column":2}},"32":{"start":{"line":57,"column":78},"end":{"line":90,"column":2}},"33":{"start":{"line":58,"column":32},"end":{"line":58,"column":40}},"34":{"start":{"line":59,"column":4},"end":{"line":59,"column":56}},"35":{"start":{"line":61,"column":4},"end":{"line":89,"column":5}},"36":{"start":{"line":62,"column":21},"end":{"line":62,"column":71}},"37":{"start":{"line":63,"column":8},"end":{"line":63,"column":51}},"38":{"start":{"line":65,"column":8},"end":{"line":68,"column":9}},"39":{"start":{"line":66,"column":12},"end":{"line":66,"column":64}},"40":{"start":{"line":67,"column":12},"end":{"line":67,"column":19}},"41":{"start":{"line":70,"column":8},"end":{"line":70,"column":52}},"42":{"start":{"line":71,"column":8},"end":{"line":71,"column":61}},"43":{"start":{"line":73,"column":32},"end":{"line":73,"column":77}},"44":{"start":{"line":74,"column":8},"end":{"line":74,"column":68}},"45":{"start":{"line":76,"column":8},"end":{"line":79,"column":9}},"46":{"start":{"line":77,"column":12},"end":{"line":77,"column":64}},"47":{"start":{"line":78,"column":12},"end":{"line":78,"column":19}},"48":{"start":{"line":81,"column":40},"end":{"line":81,"column":75}},"49":{"start":{"line":82,"column":8},"end":{"line":82,"column":46}},"50":{"start":{"line":83,"column":8},"end":{"line":83,"column":26}},"51":{"start":{"line":85,"column":8},"end":{"line":85,"column":83}},"52":{"start":{"line":87,"column":8},"end":{"line":87,"column":52}},"53":{"start":{"line":88,"column":8},"end":{"line":88,"column":95}},"54":{"start":{"line":57,"column":13},"end":{"line":57,"column":25}},"55":{"start":{"line":95,"column":26},"end":{"line":115,"column":2}},"56":{"start":{"line":95,"column":79},"end":{"line":115,"column":2}},"57":{"start":{"line":96,"column":29},"end":{"line":96,"column":37}},"58":{"start":{"line":97,"column":4},"end":{"line":97,"column":56}},"59":{"start":{"line":99,"column":4},"end":{"line":114,"column":5}},"60":{"start":{"line":100,"column":21},"end":{"line":100,"column":72}},"61":{"start":{"line":101,"column":8},"end":{"line":101,"column":41}},"62":{"start":{"line":103,"column":8},"end":{"line":106,"column":9}},"63":{"start":{"line":104,"column":12},"end":{"line":104,"column":71}},"64":{"start":{"line":105,"column":12},"end":{"line":105,"column":19}},"65":{"start":{"line":108,"column":8},"end":{"line":108,"column":88}},"66":{"start":{"line":108,"column":64},"end":{"line":108,"column":86}},"67":{"start":{"line":109,"column":8},"end":{"line":109,"column":26}},"68":{"start":{"line":111,"column":8},"end":{"line":111,"column":63}},"69":{"start":{"line":113,"column":8},"end":{"line":113,"column":96}},"70":{"start":{"line":95,"column":13},"end":{"line":95,"column":26}},"71":{"start":{"line":119,"column":28},"end":{"line":146,"column":2}},"72":{"start":{"line":119,"column":81},"end":{"line":146,"column":2}},"73":{"start":{"line":120,"column":29},"end":{"line":120,"column":37}},"74":{"start":{"line":122,"column":4},"end":{"line":125,"column":5}},"75":{"start":{"line":123,"column":8},"end":{"line":123,"column":71}},"76":{"start":{"line":124,"column":8},"end":{"line":124,"column":15}},"77":{"start":{"line":127,"column":4},"end":{"line":145,"column":5}},"78":{"start":{"line":128,"column":24},"end":{"line":128,"column":86}},"79":{"start":{"line":130,"column":21},"end":{"line":130,"column":56}},"80":{"start":{"line":131,"column":8},"end":{"line":134,"column":9}},"81":{"start":{"line":132,"column":12},"end":{"line":132,"column":71}},"82":{"start":{"line":133,"column":12},"end":{"line":133,"column":19}},"83":{"start":{"line":136,"column":57},"end":{"line":136,"column":92}},"84":{"start":{"line":137,"column":8},"end":{"line":137,"column":88}},"85":{"start":{"line":137,"column":64},"end":{"line":137,"column":86}},"86":{"start":{"line":138,"column":8},"end":{"line":138,"column":49}},"87":{"start":{"line":139,"column":8},"end":{"line":139,"column":26}},"88":{"start":{"line":141,"column":8},"end":{"line":141,"column":71}},"89":{"start":{"line":143,"column":8},"end":{"line":143,"column":54}},"90":{"start":{"line":144,"column":8},"end":{"line":144,"column":98}},"91":{"start":{"line":119,"column":13},"end":{"line":119,"column":28}},"92":{"start":{"line":149,"column":27},"end":{"line":156,"column":2}},"93":{"start":{"line":149,"column":81},"end":{"line":156,"column":2}},"94":{"start":{"line":150,"column":4},"end":{"line":155,"column":5}},"95":{"start":{"line":151,"column":22},"end":{"line":151,"column":59}},"96":{"start":{"line":152,"column":8},"end":{"line":152,"column":36}},"97":{"start":{"line":154,"column":8},"end":{"line":154,"column":101}},"98":{"start":{"line":149,"column":13},"end":{"line":149,"column":27}},"99":{"start":{"line":159,"column":27},"end":{"line":170,"column":2}},"100":{"start":{"line":159,"column":80},"end":{"line":170,"column":2}},"101":{"start":{"line":160,"column":4},"end":{"line":169,"column":5}},"102":{"start":{"line":161,"column":21},"end":{"line":161,"column":75}},"103":{"start":{"line":162,"column":8},"end":{"line":165,"column":9}},"104":{"start":{"line":163,"column":12},"end":{"line":163,"column":64}},"105":{"start":{"line":164,"column":12},"end":{"line":164,"column":19}},"106":{"start":{"line":166,"column":8},"end":{"line":166,"column":35}},"107":{"start":{"line":168,"column":8},"end":{"line":168,"column":100}},"108":{"start":{"line":159,"column":13},"end":{"line":159,"column":27}},"109":{"start":{"line":173,"column":26},"end":{"line":189,"column":2}},"110":{"start":{"line":173,"column":79},"end":{"line":189,"column":2}},"111":{"start":{"line":174,"column":4},"end":{"line":188,"column":5}},"112":{"start":{"line":175,"column":36},"end":{"line":175,"column":44}},"113":{"start":{"line":176,"column":28},"end":{"line":180,"column":29}},"114":{"start":{"line":181,"column":8},"end":{"line":184,"column":9}},"115":{"start":{"line":182,"column":12},"end":{"line":182,"column":64}},"116":{"start":{"line":183,"column":12},"end":{"line":183,"column":19}},"117":{"start":{"line":185,"column":8},"end":{"line":185,"column":42}},"118":{"start":{"line":187,"column":8},"end":{"line":187,"column":98}},"119":{"start":{"line":173,"column":13},"end":{"line":173,"column":26}},"120":{"start":{"line":192,"column":26},"end":{"line":203,"column":2}},"121":{"start":{"line":192,"column":79},"end":{"line":203,"column":2}},"122":{"start":{"line":193,"column":4},"end":{"line":202,"column":5}},"123":{"start":{"line":194,"column":28},"end":{"line":194,"column":71}},"124":{"start":{"line":195,"column":8},"end":{"line":198,"column":9}},"125":{"start":{"line":196,"column":12},"end":{"line":196,"column":64}},"126":{"start":{"line":197,"column":12},"end":{"line":197,"column":19}},"127":{"start":{"line":199,"column":8},"end":{"line":199,"column":71}},"128":{"start":{"line":201,"column":8},"end":{"line":201,"column":98}},"129":{"start":{"line":192,"column":13},"end":{"line":192,"column":26}},"130":{"start":{"line":205,"column":0},"end":{"line":214,"column":2}}},"fnMap":{"0":{"name":"(anonymous_8)","decl":{"start":{"line":13,"column":28},"end":{"line":13,"column":35}},"loc":{"start":{"line":13,"column":81},"end":{"line":46,"column":2}}},"1":{"name":"(anonymous_9)","decl":{"start":{"line":13,"column":81},"end":{"line":13,"column":null}},"loc":{"start":{"line":13,"column":81},"end":{"line":46,"column":1}}},"2":{"name":"(anonymous_10)","decl":{"start":{"line":50,"column":23},"end":{"line":50,"column":24}},"loc":{"start":{"line":50,"column":83},"end":{"line":54,"column":1}}},"3":{"name":"(anonymous_11)","decl":{"start":{"line":57,"column":25},"end":{"line":57,"column":32}},"loc":{"start":{"line":57,"column":78},"end":{"line":90,"column":2}}},"4":{"name":"(anonymous_12)","decl":{"start":{"line":57,"column":78},"end":{"line":57,"column":null}},"loc":{"start":{"line":57,"column":78},"end":{"line":90,"column":1}}},"5":{"name":"(anonymous_13)","decl":{"start":{"line":95,"column":26},"end":{"line":95,"column":33}},"loc":{"start":{"line":95,"column":79},"end":{"line":115,"column":2}}},"6":{"name":"(anonymous_14)","decl":{"start":{"line":95,"column":79},"end":{"line":95,"column":null}},"loc":{"start":{"line":95,"column":79},"end":{"line":115,"column":1}}},"7":{"name":"(anonymous_15)","decl":{"start":{"line":108,"column":55},"end":{"line":108,"column":60}},"loc":{"start":{"line":108,"column":64},"end":{"line":108,"column":86}}},"8":{"name":"(anonymous_16)","decl":{"start":{"line":119,"column":28},"end":{"line":119,"column":35}},"loc":{"start":{"line":119,"column":81},"end":{"line":146,"column":2}}},"9":{"name":"(anonymous_17)","decl":{"start":{"line":119,"column":81},"end":{"line":119,"column":null}},"loc":{"start":{"line":119,"column":81},"end":{"line":146,"column":1}}},"10":{"name":"(anonymous_18)","decl":{"start":{"line":137,"column":55},"end":{"line":137,"column":60}},"loc":{"start":{"line":137,"column":64},"end":{"line":137,"column":86}}},"11":{"name":"(anonymous_19)","decl":{"start":{"line":149,"column":27},"end":{"line":149,"column":34}},"loc":{"start":{"line":149,"column":81},"end":{"line":156,"column":2}}},"12":{"name":"(anonymous_20)","decl":{"start":{"line":149,"column":81},"end":{"line":149,"column":null}},"loc":{"start":{"line":149,"column":81},"end":{"line":156,"column":1}}},"13":{"name":"(anonymous_21)","decl":{"start":{"line":159,"column":27},"end":{"line":159,"column":34}},"loc":{"start":{"line":159,"column":80},"end":{"line":170,"column":2}}},"14":{"name":"(anonymous_22)","decl":{"start":{"line":159,"column":80},"end":{"line":159,"column":null}},"loc":{"start":{"line":159,"column":80},"end":{"line":170,"column":1}}},"15":{"name":"(anonymous_23)","decl":{"start":{"line":173,"column":26},"end":{"line":173,"column":33}},"loc":{"start":{"line":173,"column":79},"end":{"line":189,"column":2}}},"16":{"name":"(anonymous_24)","decl":{"start":{"line":173,"column":79},"end":{"line":173,"column":null}},"loc":{"start":{"line":173,"column":79},"end":{"line":189,"column":1}}},"17":{"name":"(anonymous_25)","decl":{"start":{"line":192,"column":26},"end":{"line":192,"column":33}},"loc":{"start":{"line":192,"column":79},"end":{"line":203,"column":2}}},"18":{"name":"(anonymous_26)","decl":{"start":{"line":192,"column":79},"end":{"line":192,"column":null}},"loc":{"start":{"line":192,"column":79},"end":{"line":203,"column":1}}}},"branchMap":{"0":{"loc":{"start":{"line":9,"column":19},"end":{"line":9,"column":57}},"type":"binary-expr","locations":[{"start":{"line":9,"column":19},"end":{"line":9,"column":41}},{"start":{"line":9,"column":45},"end":{"line":9,"column":57}}]},"1":{"loc":{"start":{"line":10,"column":27},"end":{"line":10,"column":81}},"type":"binary-expr","locations":[{"start":{"line":10,"column":27},"end":{"line":10,"column":57}},{"start":{"line":10,"column":61},"end":{"line":10,"column":81}}]},"2":{"loc":{"start":{"line":17,"column":8},"end":{"line":20,"column":9}},"type":"if","locations":[{"start":{"line":17,"column":8},"end":{"line":20,"column":9}}]},"3":{"loc":{"start":{"line":17,"column":12},"end":{"line":17,"column":44}},"type":"binary-expr","locations":[{"start":{"line":17,"column":12},"end":{"line":17,"column":21}},{"start":{"line":17,"column":25},"end":{"line":17,"column":31}},{"start":{"line":17,"column":35},"end":{"line":17,"column":44}}]},"4":{"loc":{"start":{"line":23,"column":8},"end":{"line":26,"column":9}},"type":"if","locations":[{"start":{"line":23,"column":8},"end":{"line":26,"column":9}}]},"5":{"loc":{"start":{"line":65,"column":8},"end":{"line":68,"column":9}},"type":"if","locations":[{"start":{"line":65,"column":8},"end":{"line":68,"column":9}}]},"6":{"loc":{"start":{"line":76,"column":8},"end":{"line":79,"column":9}},"type":"if","locations":[{"start":{"line":76,"column":8},"end":{"line":79,"column":9}}]},"7":{"loc":{"start":{"line":103,"column":8},"end":{"line":106,"column":9}},"type":"if","locations":[{"start":{"line":103,"column":8},"end":{"line":106,"column":9}}]},"8":{"loc":{"start":{"line":122,"column":4},"end":{"line":125,"column":5}},"type":"if","locations":[{"start":{"line":122,"column":4},"end":{"line":125,"column":5}}]},"9":{"loc":{"start":{"line":131,"column":8},"end":{"line":134,"column":9}},"type":"if","locations":[{"start":{"line":131,"column":8},"end":{"line":134,"column":9}}]},"10":{"loc":{"start":{"line":131,"column":12},"end":{"line":131,"column":63}},"type":"binary-expr","locations":[{"start":{"line":131,"column":12},"end":{"line":131,"column":17}},{"start":{"line":131,"column":21},"end":{"line":131,"column":63}}]},"11":{"loc":{"start":{"line":162,"column":8},"end":{"line":165,"column":9}},"type":"if","locations":[{"start":{"line":162,"column":8},"end":{"line":165,"column":9}}]},"12":{"loc":{"start":{"line":181,"column":8},"end":{"line":184,"column":9}},"type":"if","locations":[{"start":{"line":181,"column":8},"end":{"line":184,"column":9}}]},"13":{"loc":{"start":{"line":195,"column":8},"end":{"line":198,"column":9}},"type":"if","locations":[{"start":{"line":195,"column":8},"end":{"line":198,"column":9}}]}},"s":{"0":3,"1":3,"2":3,"3":3,"4":3,"5":3,"6":3,"7":3,"8":7,"9":7,"10":7,"11":7,"12":0,"13":0,"14":7,"15":7,"16":1,"17":1,"18":6,"19":6,"20":6,"21":6,"22":6,"23":6,"24":0,"25":0,"26":3,"27":3,"28":8,"29":8,"30":8,"31":3,"32":9,"33":9,"34":9,"35":9,"36":9,"37":9,"38":9,"39":0,"40":0,"41":9,"42":9,"43":9,"44":9,"45":9,"46":1,"47":1,"48":8,"49":8,"50":8,"51":8,"52":0,"53":0,"54":3,"55":3,"56":2,"57":2,"58":2,"59":2,"60":2,"61":2,"62":2,"63":1,"64":1,"65":1,"66":1,"67":1,"68":1,"69":0,"70":3,"71":3,"72":0,"73":0,"74":0,"75":0,"76":0,"77":0,"78":0,"79":0,"80":0,"81":0,"82":0,"83":0,"84":0,"85":0,"86":0,"87":0,"88":0,"89":0,"90":0,"91":3,"92":3,"93":1,"94":1,"95":1,"96":1,"97":0,"98":3,"99":3,"100":0,"101":0,"102":0,"103":0,"104":0,"105":0,"106":0,"107":0,"108":3,"109":3,"110":0,"111":0,"112":0,"113":0,"114":0,"115":0,"116":0,"117":0,"118":0,"119":3,"120":3,"121":0,"122":0,"123":0,"124":0,"125":0,"126":0,"127":0,"128":0,"129":3,"130":3},"f":{"0":7,"1":7,"2":8,"3":9,"4":9,"5":2,"6":2,"7":1,"8":0,"9":0,"10":0,"11":1,"12":1,"13":0,"14":0,"15":0,"16":0,"17":0,"18":0},"b":{"0":[3,0],"1":[3,0],"2":[0],"3":[7,7,7],"4":[1],"5":[0],"6":[1],"7":[1],"8":[0],"9":[0],"10":[0,0],"11":[0],"12":[0],"13":[0]}}
,"/Users/noyamsalem/second_app/src/middleware/authMiddleware.ts": {"path":"/Users/noyamsalem/second_app/src/middleware/authMiddleware.ts","statementMap":{"0":{"start":{"line":1,"column":0},"end":{"line":1,"column":28}},"1":{"start":{"line":2,"column":0},"end":{"line":2,"column":47}},"2":{"start":{"line":5,"column":0},"end":{"line":5,"column":16}},"3":{"start":{"line":11,"column":23},"end":{"line":29,"column":1}},"4":{"start":{"line":12,"column":4},"end":{"line":28,"column":5}},"5":{"start":{"line":13,"column":27},"end":{"line":13,"column":52}},"6":{"start":{"line":14,"column":8},"end":{"line":14,"column":57}},"7":{"start":{"line":16,"column":8},"end":{"line":19,"column":9}},"8":{"start":{"line":17,"column":12},"end":{"line":17,"column":83}},"9":{"start":{"line":18,"column":12},"end":{"line":18,"column":19}},"10":{"start":{"line":21,"column":22},"end":{"line":21,"column":46}},"11":{"start":{"line":22,"column":24},"end":{"line":22,"column":95}},"12":{"start":{"line":24,"column":8},"end":{"line":24,"column":27}},"13":{"start":{"line":25,"column":8},"end":{"line":25,"column":15}},"14":{"start":{"line":27,"column":8},"end":{"line":27,"column":71}},"15":{"start":{"line":32,"column":0},"end":{"line":32,"column":30}}},"fnMap":{"0":{"name":"(anonymous_1)","decl":{"start":{"line":11,"column":23},"end":{"line":11,"column":24}},"loc":{"start":{"line":11,"column":81},"end":{"line":29,"column":1}}}},"branchMap":{"0":{"loc":{"start":{"line":16,"column":8},"end":{"line":19,"column":9}},"type":"if","locations":[{"start":{"line":16,"column":8},"end":{"line":19,"column":9}}]},"1":{"loc":{"start":{"line":16,"column":12},"end":{"line":16,"column":60}},"type":"binary-expr","locations":[{"start":{"line":16,"column":12},"end":{"line":16,"column":23}},{"start":{"line":16,"column":27},"end":{"line":16,"column":60}}]}},"s":{"0":3,"1":3,"2":3,"3":3,"4":8,"5":8,"6":8,"7":8,"8":1,"9":1,"10":7,"11":7,"12":7,"13":7,"14":0,"15":3},"f":{"0":8},"b":{"0":[1],"1":[8,7]}}
,"/Users/noyamsalem/second_app/src/models/comment.ts": {"path":"/Users/noyamsalem/second_app/src/models/comment.ts","statementMap":{"0":{"start":{"line":1,"column":0},"end":{"line":1,"column":32}},"1":{"start":{"line":12,"column":22},"end":{"line":31,"column":2}},"2":{"start":{"line":34,"column":14},"end":{"line":34,"column":63}},"3":{"start":{"line":35,"column":0},"end":{"line":35,"column":23}}},"fnMap":{},"branchMap":{},"s":{"0":3,"1":3,"2":3,"3":3},"f":{},"b":{}}
,"/Users/noyamsalem/second_app/src/models/post.ts": {"path":"/Users/noyamsalem/second_app/src/models/post.ts","statementMap":{"0":{"start":{"line":1,"column":0},"end":{"line":1,"column":32}},"1":{"start":{"line":12,"column":18},"end":{"line":30,"column":2}},"2":{"start":{"line":33,"column":12},"end":{"line":33,"column":52}},"3":{"start":{"line":34,"column":0},"end":{"line":34,"column":20}}},"fnMap":{},"branchMap":{},"s":{"0":3,"1":3,"2":3,"3":3},"f":{},"b":{}}
,"/Users/noyamsalem/second_app/src/models/user.ts": {"path":"/Users/noyamsalem/second_app/src/models/user.ts","statementMap":{"0":{"start":{"line":1,"column":0},"end":{"line":1,"column":43}},"1":{"start":{"line":14,"column":18},"end":{"line":38,"column":2}},"2":{"start":{"line":41,"column":12},"end":{"line":41,"column":52}},"3":{"start":{"line":42,"column":0},"end":{"line":42,"column":20}}},"fnMap":{},"branchMap":{},"s":{"0":3,"1":3,"2":3,"3":3},"f":{},"b":{}}
,"/Users/noyamsalem/second_app/src/routes/commentsRoutes.ts": {"path":"/Users/noyamsalem/second_app/src/routes/commentsRoutes.ts","statementMap":{"0":{"start":{"line":1,"column":0},"end":{"line":1,"column":42}},"1":{"start":{"line":2,"column":0},"end":{"line":2,"column":58}},"2":{"start":{"line":3,"column":0},"end":{"line":3,"column":null}},"3":{"start":{"line":10,"column":23},"end":{"line":10,"column":39}},"4":{"start":{"line":69,"column":0},"end":{"line":69,"column":45}},"5":{"start":{"line":96,"column":0},"end":{"line":96,"column":47}},"6":{"start":{"line":125,"column":0},"end":{"line":125,"column":50}},"7":{"start":{"line":148,"column":0},"end":{"line":148,"column":53}},"8":{"start":{"line":150,"column":0},"end":{"line":150,"column":22}}},"fnMap":{},"branchMap":{},"s":{"0":3,"1":3,"2":3,"3":3,"4":3,"5":3,"6":3,"7":3,"8":3},"f":{},"b":{}}
,"/Users/noyamsalem/second_app/src/routes/postsRoutes.ts": {"path":"/Users/noyamsalem/second_app/src/routes/postsRoutes.ts","statementMap":{"0":{"start":{"line":1,"column":0},"end":{"line":1,"column":42}},"1":{"start":{"line":2,"column":0},"end":{"line":2,"column":58}},"2":{"start":{"line":3,"column":0},"end":{"line":3,"column":null}},"3":{"start":{"line":12,"column":23},"end":{"line":12,"column":39}},"4":{"start":{"line":79,"column":0},"end":{"line":79,"column":29}},"5":{"start":{"line":107,"column":0},"end":{"line":107,"column":32}},"6":{"start":{"line":131,"column":0},"end":{"line":131,"column":42}},"7":{"start":{"line":157,"column":0},"end":{"line":157,"column":50}},"8":{"start":{"line":180,"column":0},"end":{"line":180,"column":48}},"9":{"start":{"line":210,"column":0},"end":{"line":210,"column":47}},"10":{"start":{"line":212,"column":0},"end":{"line":212,"column":22}}},"fnMap":{},"branchMap":{},"s":{"0":3,"1":3,"2":3,"3":3,"4":3,"5":3,"6":3,"7":3,"8":3,"9":3,"10":3},"f":{},"b":{}}
,"/Users/noyamsalem/second_app/src/routes/usersRoutes.ts": {"path":"/Users/noyamsalem/second_app/src/routes/usersRoutes.ts","statementMap":{"0":{"start":{"line":1,"column":0},"end":{"line":1,"column":42}},"1":{"start":{"line":2,"column":0},"end":{"line":2,"column":61}},"2":{"start":{"line":3,"column":0},"end":{"line":3,"column":58}},"3":{"start":{"line":5,"column":23},"end":{"line":5,"column":39}},"4":{"start":{"line":65,"column":0},"end":{"line":65,"column":55}},"5":{"start":{"line":104,"column":0},"end":{"line":104,"column":49}},"6":{"start":{"line":119,"column":0},"end":{"line":119,"column":51}},"7":{"start":{"line":122,"column":0},"end":{"line":122,"column":55}},"8":{"start":{"line":125,"column":0},"end":{"line":125,"column":49}},"9":{"start":{"line":128,"column":0},"end":{"line":128,"column":54}},"10":{"start":{"line":131,"column":0},"end":{"line":131,"column":61}},"11":{"start":{"line":134,"column":0},"end":{"line":134,"column":64}},"12":{"start":{"line":137,"column":0},"end":{"line":137,"column":63}},"13":{"start":{"line":140,"column":0},"end":{"line":140,"column":66}},"14":{"start":{"line":142,"column":0},"end":{"line":142,"column":22}}},"fnMap":{},"branchMap":{},"s":{"0":3,"1":3,"2":3,"3":3,"4":3,"5":3,"6":3,"7":3,"8":3,"9":3,"10":3,"11":3,"12":3,"13":3,"14":3},"f":{},"b":{}}
}
