TN:
SF:src/server.ts
FN:62,(anonymous_1)
FN:63,(anonymous_2)
FN:65,(anonymous_3)
FN:71,(anonymous_4)
FNF:4
FNH:2
FNDA:3,(anonymous_1)
FNDA:0,(anonymous_2)
FNDA:3,(anonymous_3)
FNDA:0,(anonymous_4)
DA:1,3
DA:2,3
DA:3,3
DA:4,3
DA:5,3
DA:6,3
DA:9,3
DA:12,3
DA:15,3
DA:17,3
DA:18,3
DA:22,3
DA:44,3
DA:45,3
DA:49,3
DA:50,3
DA:51,3
DA:54,3
DA:55,3
DA:56,3
DA:57,3
DA:60,3
DA:62,3
DA:63,0
DA:65,3
DA:67,3
DA:69,3
DA:70,0
DA:71,0
DA:72,0
DA:73,0
LF:31
LH:26
BRDA:61,0,0,3
BRDA:61,0,1,0
BRDA:69,1,0,0
BRDA:70,2,0,0
BRDA:70,2,1,0
BRF:5
BRH:1
end_of_record
TN:
SF:src/controllers/commentsController.ts
FN:17,(anonymous_1)
FN:67,(anonymous_2)
FN:96,(anonymous_3)
FN:130,(anonymous_4)
FNF:4
FNH:4
FNDA:17,(anonymous_1)
FNDA:3,(anonymous_2)
FNDA:4,(anonymous_3)
FNDA:3,(anonymous_4)
DA:11,3
DA:12,3
DA:14,3
DA:17,3
DA:18,17
DA:19,17
DA:22,17
DA:23,17
DA:24,17
DA:26,17
DA:27,3
DA:28,3
DA:32,14
DA:33,3
DA:34,3
DA:37,11
DA:38,11
DA:39,11
DA:40,3
DA:41,3
DA:50,8
DA:56,8
DA:57,8
DA:59,0
DA:60,0
DA:67,3
DA:68,3
DA:69,3
DA:70,3
DA:72,3
DA:73,3
DA:74,1
DA:75,1
DA:79,2
DA:81,2
DA:82,1
DA:83,1
DA:87,1
DA:90,0
DA:91,0
DA:96,3
DA:97,4
DA:98,4
DA:99,4
DA:100,4
DA:101,1
DA:102,1
DA:106,3
DA:107,3
DA:108,3
DA:109,1
DA:110,1
DA:115,2
DA:116,1
DA:117,1
DA:121,1
DA:122,1
DA:124,0
DA:125,0
DA:130,3
DA:131,3
DA:132,3
DA:133,3
DA:134,3
DA:135,1
DA:136,1
DA:140,2
DA:141,2
DA:142,2
DA:143,1
DA:144,1
DA:148,1
DA:149,1
DA:151,0
DA:152,0
LF:75
LH:67
BRDA:19,0,0,0
BRDA:19,0,1,17
BRDA:19,1,0,17
BRDA:19,1,1,17
BRDA:26,2,0,3
BRDA:26,3,0,17
BRDA:26,3,1,14
BRDA:32,4,0,3
BRDA:39,5,0,3
BRDA:73,6,0,1
BRDA:81,7,0,1
BRDA:90,8,0,0
BRDA:90,8,1,0
BRDA:100,9,0,1
BRDA:106,10,0,0
BRDA:106,10,1,3
BRDA:106,11,0,3
BRDA:106,11,1,3
BRDA:108,12,0,1
BRDA:108,13,0,0
BRDA:108,13,1,3
BRDA:108,14,0,3
BRDA:108,14,1,3
BRDA:115,15,0,1
BRDA:115,16,0,2
BRDA:115,16,1,1
BRDA:134,17,0,1
BRDA:140,18,0,0
BRDA:140,18,1,2
BRDA:140,19,0,2
BRDA:140,19,1,2
BRDA:142,20,0,1
BRDA:142,21,0,0
BRDA:142,21,1,2
BRDA:142,22,0,2
BRDA:142,22,1,2
BRF:36
BRH:29
end_of_record
TN:
SF:src/controllers/postsController.ts
FN:7,(anonymous_1)
FN:44,(anonymous_2)
FN:67,(anonymous_3)
FNF:3
FNH:3
FNDA:12,(anonymous_1)
FNDA:4,(anonymous_2)
FNDA:3,(anonymous_3)
DA:2,3
DA:3,3
DA:4,3
DA:7,3
DA:8,12
DA:9,12
DA:11,12
DA:13,12
DA:14,6
DA:15,6
DA:16,6
DA:19,6
DA:20,6
DA:21,6
DA:22,6
DA:23,0
DA:24,0
DA:25,0
DA:28,6
DA:34,6
DA:35,6
DA:36,6
DA:38,0
DA:39,0
DA:44,3
DA:45,4
DA:47,4
DA:48,1
DA:49,1
DA:52,3
DA:53,3
DA:54,3
DA:55,2
DA:56,2
DA:58,1
DA:60,0
DA:61,0
DA:62,0
DA:67,3
DA:68,3
DA:70,3
DA:71,1
DA:72,1
DA:75,2
DA:76,2
DA:77,2
DA:78,1
DA:79,1
DA:81,1
DA:83,0
DA:84,0
LF:51
LH:41
BRDA:9,0,0,0
BRDA:9,0,1,12
BRDA:9,1,0,12
BRDA:9,1,1,12
BRDA:13,2,0,6
BRDA:13,3,0,12
BRDA:13,3,1,9
BRDA:22,4,0,0
BRDA:47,5,0,1
BRDA:54,6,0,2
BRDA:70,7,0,1
BRDA:77,8,0,1
BRF:12
BRH:10
end_of_record
TN:
SF:src/controllers/usersController.ts
FN:13,(anonymous_1)
FN:50,(anonymous_2)
FN:57,(anonymous_3)
FN:95,(anonymous_4)
FN:112,(anonymous_5)
FN:123,(anonymous_6)
FN:144,(anonymous_7)
FN:156,(anonymous_8)
FN:191,(anonymous_9)
FN:206,(anonymous_10)
FNF:10
FNH:10
FNDA:8,(anonymous_1)
FNDA:9,(anonymous_2)
FNDA:10,(anonymous_3)
FNDA:3,(anonymous_4)
FNDA:3,(anonymous_5)
FNDA:5,(anonymous_6)
FNDA:3,(anonymous_7)
FNDA:4,(anonymous_8)
FNDA:2,(anonymous_9)
FNDA:2,(anonymous_10)
DA:1,3
DA:2,3
DA:3,3
DA:5,3
DA:7,3
DA:9,3
DA:10,3
DA:13,3
DA:14,8
DA:16,8
DA:17,8
DA:18,1
DA:19,1
DA:22,7
DA:23,7
DA:24,1
DA:25,1
DA:29,6
DA:30,6
DA:31,6
DA:33,6
DA:39,6
DA:41,6
DA:43,0
DA:44,0
DA:50,3
DA:51,9
DA:52,9
DA:53,9
DA:57,3
DA:58,10
DA:59,10
DA:61,10
DA:62,10
DA:63,10
DA:65,10
DA:66,1
DA:67,1
DA:70,9
DA:71,9
DA:73,9
DA:74,9
DA:76,9
DA:77,1
DA:78,1
DA:81,8
DA:82,8
DA:83,8
DA:85,8
DA:87,0
DA:88,0
DA:95,3
DA:96,3
DA:97,3
DA:99,3
DA:100,3
DA:101,0
DA:102,0
DA:105,3
DA:106,3
DA:107,2
DA:108,2
DA:112,3
DA:113,1
DA:115,1
DA:117,0
DA:123,3
DA:124,5
DA:126,5
DA:127,1
DA:128,1
DA:131,4
DA:133,4
DA:135,4
DA:137,1
DA:138,1
DA:139,0
DA:140,0
DA:143,1
DA:144,3
DA:145,1
DA:146,1
DA:148,1
DA:150,3
DA:151,3
DA:156,3
DA:157,4
DA:160,4
DA:161,4
DA:162,4
DA:163,4
DA:165,4
DA:166,1
DA:167,1
DA:170,3
DA:171,3
DA:177,3
DA:178,1
DA:179,1
DA:182,2
DA:184,0
DA:191,3
DA:192,2
DA:193,2
DA:194,2
DA:195,2
DA:196,1
DA:197,1
DA:199,1
DA:201,0
DA:206,3
DA:207,2
DA:208,2
DA:209,2
DA:210,2
DA:211,1
DA:212,1
DA:213,1
DA:215,1
DA:216,1
DA:218,0
DA:219,0
DA:224,3
LF:123
LH:110
BRDA:9,0,0,3
BRDA:9,0,1,0
BRDA:10,1,0,3
BRDA:10,1,1,0
BRDA:17,2,0,1
BRDA:17,3,0,8
BRDA:17,3,1,7
BRDA:17,3,2,7
BRDA:23,4,0,1
BRDA:65,5,0,1
BRDA:76,6,0,1
BRDA:96,7,0,0
BRDA:96,7,1,3
BRDA:96,8,0,3
BRDA:96,8,1,3
BRDA:100,9,0,0
BRDA:106,10,0,2
BRDA:126,11,0,1
BRDA:138,12,0,0
BRDA:138,13,0,1
BRDA:138,13,1,1
BRDA:161,14,0,3
BRDA:162,15,0,3
BRDA:163,16,0,2
BRDA:165,17,0,1
BRDA:177,18,0,1
BRDA:195,19,0,1
BRDA:210,20,0,1
BRF:28
BRH:23
end_of_record
TN:
SF:src/middleware/authMiddleware.ts
FN:11,(anonymous_1)
FNF:1
FNH:1
FNDA:43,(anonymous_1)
DA:1,3
DA:2,3
DA:5,3
DA:11,3
DA:12,43
DA:13,43
DA:14,43
DA:15,1
DA:16,1
DA:19,42
DA:20,42
DA:23,42
DA:24,42
DA:25,42
DA:27,0
DA:31,3
LF:16
LH:15
BRDA:14,0,0,1
BRDA:14,1,0,43
BRDA:14,1,1,42
BRF:3
BRH:3
end_of_record
TN:
SF:src/models/comment.ts
FN:22,(anonymous_1)
FN:34,(anonymous_2)
FNF:2
FNH:2
FNDA:8,(anonymous_1)
FNDA:8,(anonymous_2)
DA:1,3
DA:12,3
DA:23,8
DA:24,8
DA:35,8
DA:36,8
DA:48,3
DA:49,3
LF:8
LH:8
BRF:0
BRH:0
end_of_record
TN:
SF:src/models/post.ts
FNF:0
FNH:0
DA:1,3
DA:12,3
DA:33,3
DA:34,3
LF:4
LH:4
BRF:0
BRH:0
end_of_record
TN:
SF:src/models/user.ts
FNF:0
FNH:0
DA:1,3
DA:14,3
DA:41,3
DA:42,3
LF:4
LH:4
BRF:0
BRH:0
end_of_record
TN:
SF:src/routes/commentsRoutes.ts
FNF:0
FNH:0
DA:1,3
DA:2,3
DA:3,3
DA:10,3
DA:69,3
DA:96,3
DA:125,3
DA:148,3
DA:150,3
LF:9
LH:9
BRF:0
BRH:0
end_of_record
TN:
SF:src/routes/postsRoutes.ts
FNF:0
FNH:0
DA:1,3
DA:2,3
DA:3,3
DA:12,3
DA:109,3
DA:132,3
DA:186,3
DA:188,3
LF:8
LH:8
BRF:0
BRH:0
end_of_record
TN:
SF:src/routes/usersRoutes.ts
FNF:0
FNH:0
DA:1,3
DA:2,3
DA:4,3
DA:74,3
DA:110,3
DA:129,3
DA:161,3
DA:196,3
DA:219,3
DA:221,3
DA:223,3
LF:11
LH:11
BRF:0
BRH:0
end_of_record
