TN:
SF:src/server.ts
FN:85,(anonymous_1)
FN:91,(anonymous_2)
FN:92,(anonymous_3)
FN:100,(anonymous_4)
FN:102,(anonymous_5)
FN:117,(anonymous_6)
FN:122,(anonymous_7)
FNF:7
FNH:1
FNDA:0,(anonymous_1)
FNDA:3,(anonymous_2)
FNDA:0,(anonymous_3)
FNDA:0,(anonymous_4)
FNDA:0,(anonymous_5)
FNDA:0,(anonymous_6)
FNDA:0,(anonymous_7)
DA:1,3
DA:2,3
DA:3,3
DA:4,3
DA:5,3
DA:6,3
DA:7,3
DA:8,3
DA:9,3
DA:10,3
DA:11,3
DA:14,3
DA:17,3
DA:18,0
DA:21,3
DA:22,3
DA:23,0
DA:24,3
DA:25,3
DA:26,3
DA:28,3
DA:31,3
DA:32,3
DA:35,3
DA:43,3
DA:46,3
DA:47,3
DA:48,3
DA:51,3
DA:67,3
DA:68,3
DA:71,3
DA:72,3
DA:73,3
DA:74,3
DA:75,3
DA:77,3
DA:78,3
DA:79,3
DA:80,3
DA:81,3
DA:82,3
DA:85,3
DA:86,0
DA:90,3
DA:91,3
DA:93,0
DA:94,0
DA:100,3
DA:101,0
DA:102,0
DA:103,0
DA:106,0
DA:107,0
DA:109,0
DA:111,0
DA:112,0
DA:117,0
DA:118,0
DA:121,0
DA:122,0
DA:123,0
DA:129,3
DA:131,3
DA:132,0
LF:65
LH:46
BRDA:17,0,0,0
BRDA:22,1,0,0
BRDA:24,2,0,3
BRDA:24,2,1,0
BRDA:25,3,0,3
BRDA:25,3,1,3
BRDA:101,4,0,0
BRDA:101,4,1,0
BRDA:109,5,0,0
BRDA:109,5,1,0
BRDA:111,6,0,0
BRDA:111,6,1,0
BRDA:131,7,0,0
BRF:13
BRH:3
end_of_record
TN:
SF:src/controllers/commentsController.ts
FN:15,(anonymous_8)
FN:15,(anonymous_9)
FN:50,(anonymous_10)
FN:50,(anonymous_11)
FN:74,(anonymous_12)
FN:74,(anonymous_13)
FN:107,(anonymous_14)
FN:107,(anonymous_15)
FNF:8
FNH:8
FNDA:6,(anonymous_8)
FNDA:6,(anonymous_9)
FNDA:3,(anonymous_10)
FNDA:3,(anonymous_11)
FNDA:8,(anonymous_12)
FNDA:8,(anonymous_13)
FNDA:5,(anonymous_14)
FNDA:5,(anonymous_15)
DA:10,3
DA:11,3
DA:13,3
DA:15,6
DA:16,6
DA:17,6
DA:19,6
DA:20,2
DA:21,2
DA:24,4
DA:25,1
DA:26,1
DA:29,3
DA:30,3
DA:31,3
DA:32,2
DA:33,2
DA:36,1
DA:42,1
DA:43,1
DA:45,0
DA:46,0
DA:50,3
DA:51,3
DA:52,3
DA:54,3
DA:55,1
DA:56,1
DA:59,2
DA:60,2
DA:61,1
DA:62,1
DA:65,1
DA:66,1
DA:69,0
DA:70,0
DA:74,8
DA:75,8
DA:77,8
DA:78,3
DA:79,3
DA:82,5
DA:83,2
DA:84,2
DA:87,3
DA:88,3
DA:89,1
DA:90,1
DA:94,2
DA:95,0
DA:96,0
DA:99,2
DA:100,2
DA:102,0
DA:103,0
DA:107,5
DA:108,5
DA:110,5
DA:111,3
DA:112,3
DA:115,2
DA:116,2
DA:117,1
DA:118,1
DA:122,1
DA:123,0
DA:124,0
DA:127,1
DA:128,1
DA:130,0
DA:131,0
LF:71
LH:59
BRDA:17,0,0,0
BRDA:17,0,1,6
BRDA:17,1,0,6
BRDA:17,1,1,6
BRDA:19,2,0,2
BRDA:19,3,0,6
BRDA:19,3,1,5
BRDA:24,4,0,1
BRDA:31,5,0,2
BRDA:54,6,0,1
BRDA:60,7,0,1
BRDA:69,8,0,0
BRDA:69,8,1,0
BRDA:77,9,0,3
BRDA:82,10,0,2
BRDA:82,11,0,5
BRDA:82,11,1,4
BRDA:88,12,0,1
BRDA:94,13,0,0
BRDA:94,14,0,0
BRDA:94,14,1,2
BRDA:94,15,0,2
BRDA:94,15,1,2
BRDA:110,16,0,3
BRDA:116,17,0,1
BRDA:122,18,0,0
BRDA:122,19,0,0
BRDA:122,19,1,1
BRDA:122,20,0,1
BRDA:122,20,1,1
BRF:30
BRH:23
end_of_record
TN:
SF:src/controllers/generateNutritionController.ts
FN:8,(anonymous_8)
FN:8,(anonymous_9)
FNF:2
FNH:0
FNDA:0,(anonymous_8)
FNDA:0,(anonymous_9)
DA:2,3
DA:3,3
DA:8,3
DA:9,0
DA:10,0
DA:13,0
DA:14,0
DA:15,0
DA:19,0
DA:20,0
DA:21,0
DA:22,0
DA:26,0
DA:28,0
DA:29,0
DA:30,0
DA:33,0
DA:36,0
DA:37,0
LF:19
LH:3
BRDA:13,0,0,0
BRDA:20,1,0,0
BRDA:28,2,0,0
BRF:3
BRH:0
end_of_record
TN:
SF:src/controllers/postsController.ts
FN:10,(anonymous_8)
FN:10,(anonymous_9)
FN:70,(anonymous_10)
FN:70,(anonymous_11)
FN:157,(anonymous_12)
FN:157,(anonymous_13)
FN:172,(anonymous_14)
FN:172,(anonymous_15)
FN:207,(anonymous_16)
FN:207,(anonymous_17)
FN:227,(anonymous_18)
FN:230,(anonymous_19)
FN:252,(anonymous_20)
FN:252,(anonymous_21)
FN:274,(anonymous_22)
FN:274,(anonymous_23)
FN:299,(anonymous_24)
FN:316,(anonymous_25)
FN:316,(anonymous_26)
FNF:19
FNH:14
FNDA:15,(anonymous_8)
FNDA:15,(anonymous_9)
FNDA:10,(anonymous_10)
FNDA:10,(anonymous_11)
FNDA:4,(anonymous_12)
FNDA:4,(anonymous_13)
FNDA:8,(anonymous_14)
FNDA:8,(anonymous_15)
FNDA:8,(anonymous_16)
FNDA:8,(anonymous_17)
FNDA:0,(anonymous_18)
FNDA:0,(anonymous_19)
FNDA:5,(anonymous_20)
FNDA:5,(anonymous_21)
FNDA:0,(anonymous_22)
FNDA:0,(anonymous_23)
FNDA:0,(anonymous_24)
FNDA:1,(anonymous_25)
FNDA:1,(anonymous_26)
DA:2,3
DA:3,3
DA:4,3
DA:7,3
DA:8,3
DA:10,15
DA:11,15
DA:12,15
DA:13,15
DA:15,15
DA:16,0
DA:17,0
DA:20,15
DA:21,0
DA:22,0
DA:25,15
DA:26,15
DA:27,1
DA:28,1
DA:31,14
DA:32,14
DA:34,14
DA:35,14
DA:36,12
DA:37,12
DA:39,2
DA:42,14
DA:53,13
DA:54,9
DA:56,9
DA:58,5
DA:60,5
DA:61,2
DA:63,3
DA:70,10
DA:71,10
DA:72,10
DA:74,10
DA:75,2
DA:76,2
DA:79,8
DA:80,8
DA:81,8
DA:82,1
DA:83,1
DA:86,7
DA:88,7
DA:89,7
DA:91,0
DA:92,0
DA:93,0
DA:94,0
DA:95,0
DA:99,0
DA:102,7
DA:112,7
DA:114,7
DA:115,2
DA:116,2
DA:117,2
DA:118,1
DA:119,1
DA:121,1
DA:122,1
DA:127,7
DA:128,2
DA:129,2
DA:130,2
DA:131,1
DA:133,1
DA:138,7
DA:140,7
DA:142,6
DA:143,0
DA:144,0
DA:147,6
DA:148,6
DA:150,1
DA:151,1
DA:157,4
DA:158,4
DA:159,4
DA:163,1
DA:165,3
DA:166,3
DA:172,8
DA:173,8
DA:175,8
DA:176,2
DA:177,2
DA:180,6
DA:181,6
DA:182,6
DA:183,1
DA:184,1
DA:188,5
DA:189,4
DA:190,4
DA:191,2
DA:192,2
DA:194,2
DA:198,5
DA:199,4
DA:201,1
DA:202,1
DA:207,8
DA:208,8
DA:209,8
DA:210,8
DA:213,8
DA:214,2
DA:215,2
DA:218,6
DA:219,6
DA:220,3
DA:221,1
DA:222,1
DA:225,2
DA:227,2
DA:229,2
DA:230,0
DA:232,2
DA:235,2
DA:237,1
DA:239,4
DA:240,2
DA:242,2
DA:243,2
DA:247,0
DA:248,0
DA:252,5
DA:253,5
DA:254,5
DA:256,5
DA:257,1
DA:258,1
DA:261,4
DA:265,1
DA:267,3
DA:268,3
DA:274,3
DA:275,0
DA:276,0
DA:278,0
DA:280,0
DA:281,0
DA:282,0
DA:289,0
DA:290,0
DA:291,0
DA:292,0
DA:294,0
DA:298,0
DA:299,0
DA:300,0
DA:303,0
DA:307,0
DA:309,0
DA:310,0
DA:316,3
DA:317,1
DA:318,1
DA:319,1
DA:320,1
DA:321,1
DA:323,0
DA:325,0
LF:167
LH:132
BRDA:13,0,0,0
BRDA:13,0,1,15
BRDA:13,1,0,15
BRDA:13,1,1,15
BRDA:15,2,0,0
BRDA:20,3,0,0
BRDA:26,4,0,1
BRDA:35,5,0,12
BRDA:35,5,1,2
BRDA:44,6,0,14
BRDA:44,6,1,0
BRDA:48,7,0,13
BRDA:48,7,1,0
BRDA:49,8,0,13
BRDA:49,8,1,0
BRDA:60,9,0,2
BRDA:60,9,1,3
BRDA:60,10,0,5
BRDA:60,10,1,5
BRDA:74,11,0,2
BRDA:81,12,0,1
BRDA:89,13,0,0
BRDA:91,14,0,0
BRDA:93,15,0,0
BRDA:103,16,0,7
BRDA:103,16,1,4
BRDA:104,17,0,0
BRDA:104,17,1,7
BRDA:104,18,0,0
BRDA:104,18,1,0
BRDA:105,19,0,0
BRDA:105,19,1,7
BRDA:106,20,0,7
BRDA:106,20,1,7
BRDA:107,21,0,0
BRDA:107,21,1,7
BRDA:108,22,0,0
BRDA:108,22,1,7
BRDA:108,23,0,0
BRDA:108,23,1,0
BRDA:109,24,0,0
BRDA:109,24,1,7
BRDA:109,25,0,0
BRDA:109,25,1,0
BRDA:114,26,0,2
BRDA:115,27,0,0
BRDA:115,27,1,2
BRDA:115,28,0,2
BRDA:115,28,1,2
BRDA:116,29,0,2
BRDA:117,30,0,1
BRDA:117,30,1,1
BRDA:127,31,0,2
BRDA:128,32,0,0
BRDA:128,32,1,2
BRDA:128,33,0,2
BRDA:128,33,1,2
BRDA:129,34,0,2
BRDA:130,35,0,1
BRDA:130,35,1,1
BRDA:142,36,0,0
BRDA:175,37,0,2
BRDA:182,38,0,1
BRDA:188,39,0,4
BRDA:190,40,0,2
BRDA:190,40,1,2
BRDA:210,41,0,0
BRDA:210,41,1,8
BRDA:210,42,0,8
BRDA:210,42,1,8
BRDA:213,43,0,2
BRDA:213,44,0,8
BRDA:213,44,1,8
BRDA:220,45,0,1
BRDA:229,46,0,0
BRDA:229,46,1,2
BRDA:237,47,0,0
BRDA:237,47,1,1
BRDA:239,48,0,2
BRDA:239,48,1,2
BRDA:256,49,0,1
BRDA:280,50,0,0
BRDA:289,51,0,0
BRDA:289,52,0,0
BRDA:289,52,1,0
BRDA:291,53,0,0
BRDA:291,53,1,0
BRDA:298,54,0,0
BRDA:319,55,0,1
BRF:89
BRH:56
end_of_record
TN:
SF:src/controllers/recipeController.ts
FN:7,(anonymous_7)
FN:7,(anonymous_8)
FN:25,(anonymous_9)
FN:25,(anonymous_10)
FN:46,(anonymous_11)
FN:53,(anonymous_12)
FNF:6
FNH:0
FNDA:0,(anonymous_7)
FNDA:0,(anonymous_8)
FNDA:0,(anonymous_9)
FNDA:0,(anonymous_10)
FNDA:0,(anonymous_11)
FNDA:0,(anonymous_12)
DA:2,3
DA:7,3
DA:8,0
DA:9,0
DA:10,0
DA:11,0
DA:12,0
DA:15,0
DA:16,0
DA:18,0
DA:25,3
DA:26,0
DA:27,0
DA:28,0
DA:29,0
DA:30,0
DA:33,0
DA:36,0
DA:37,0
DA:38,0
DA:39,0
DA:40,0
DA:41,0
DA:42,0
DA:45,0
DA:46,0
DA:47,0
DA:51,0
DA:52,0
DA:53,0
DA:54,0
DA:57,0
DA:61,0
DA:63,0
LF:34
LH:3
BRDA:10,0,0,0
BRDA:10,1,0,0
BRDA:10,1,1,0
BRDA:28,2,0,0
BRDA:51,3,0,0
BRDA:51,3,1,0
BRF:6
BRH:0
end_of_record
TN:
SF:src/controllers/usersController.ts
FN:25,(anonymous_8)
FN:25,(anonymous_9)
FN:59,(anonymous_10)
FN:59,(anonymous_11)
FN:123,(anonymous_12)
FN:129,(anonymous_13)
FN:129,(anonymous_14)
FN:158,(anonymous_15)
FN:158,(anonymous_16)
FN:179,(anonymous_17)
FN:188,(anonymous_18)
FN:188,(anonymous_19)
FN:206,(anonymous_20)
FN:218,(anonymous_21)
FN:218,(anonymous_22)
FN:276,(anonymous_23)
FN:276,(anonymous_24)
FN:289,(anonymous_25)
FN:289,(anonymous_26)
FNF:19
FNH:19
FNDA:7,(anonymous_8)
FNDA:7,(anonymous_9)
FNDA:4,(anonymous_10)
FNDA:4,(anonymous_11)
FNDA:5,(anonymous_12)
FNDA:9,(anonymous_13)
FNDA:9,(anonymous_14)
FNDA:5,(anonymous_15)
FNDA:5,(anonymous_16)
FNDA:3,(anonymous_17)
FNDA:4,(anonymous_18)
FNDA:4,(anonymous_19)
FNDA:3,(anonymous_20)
FNDA:9,(anonymous_21)
FNDA:9,(anonymous_22)
FNDA:3,(anonymous_23)
FNDA:3,(anonymous_24)
FNDA:6,(anonymous_25)
FNDA:6,(anonymous_26)
DA:1,3
DA:2,3
DA:3,3
DA:5,3
DA:6,3
DA:7,3
DA:8,3
DA:12,3
DA:14,3
DA:15,3
DA:16,3
DA:18,3
DA:25,7
DA:26,7
DA:28,7
DA:29,7
DA:30,1
DA:31,1
DA:34,6
DA:35,6
DA:36,1
DA:37,1
DA:40,5
DA:42,5
DA:49,5
DA:51,2
DA:53,3
DA:54,3
DA:59,4
DA:60,4
DA:61,4
DA:62,4
DA:63,1
DA:64,1
DA:68,3
DA:73,0
DA:74,0
DA:75,0
DA:76,0
DA:79,0
DA:82,0
DA:84,0
DA:86,0
DA:94,0
DA:98,0
DA:101,0
DA:102,0
DA:104,0
DA:113,3
DA:114,3
DA:115,3
DA:116,3
DA:118,0
DA:123,3
DA:124,5
DA:125,5
DA:126,5
DA:129,9
DA:130,9
DA:132,9
DA:133,9
DA:135,6
DA:136,1
DA:137,1
DA:140,5
DA:142,5
DA:143,1
DA:144,1
DA:147,4
DA:148,4
DA:149,4
DA:151,4
DA:153,3
DA:154,3
DA:158,5
DA:159,5
DA:160,5
DA:162,5
DA:163,1
DA:166,5
DA:167,5
DA:168,5
DA:169,1
DA:170,1
DA:173,4
DA:174,3
DA:175,2
DA:176,2
DA:179,3
DA:180,1
DA:182,1
DA:184,1
DA:188,4
DA:189,4
DA:191,4
DA:192,1
DA:193,1
DA:196,3
DA:197,3
DA:199,1
DA:200,1
DA:201,0
DA:202,0
DA:205,1
DA:206,3
DA:207,1
DA:208,1
DA:210,1
DA:212,2
DA:218,9
DA:219,9
DA:220,9
DA:221,9
DA:222,9
DA:224,9
DA:225,7
DA:228,9
DA:230,9
DA:232,9
DA:233,2
DA:234,2
DA:235,2
DA:237,2
DA:238,2
DA:239,1
DA:240,1
DA:241,0
DA:242,0
DA:244,0
DA:249,2
DA:250,2
DA:251,2
DA:254,9
DA:255,3
DA:256,3
DA:259,6
DA:261,5
DA:262,1
DA:263,1
DA:266,4
DA:268,1
DA:269,1
DA:276,3
DA:277,3
DA:278,3
DA:279,2
DA:280,1
DA:281,1
DA:283,1
DA:285,1
DA:289,6
DA:290,6
DA:291,6
DA:292,3
DA:293,1
DA:294,1
DA:296,2
DA:303,3
DA:307,3
LF:159
LH:140
BRDA:14,0,0,3
BRDA:14,0,1,0
BRDA:15,1,0,3
BRDA:15,1,1,0
BRDA:16,2,0,3
BRDA:16,2,1,0
BRDA:29,3,0,1
BRDA:29,4,0,7
BRDA:29,4,1,6
BRDA:29,4,2,6
BRDA:35,5,0,1
BRDA:62,6,0,1
BRDA:74,7,0,0
BRDA:84,8,0,0
BRDA:114,9,0,3
BRDA:114,10,0,3
BRDA:114,10,1,3
BRDA:135,11,0,1
BRDA:142,12,0,1
BRDA:160,13,0,1
BRDA:160,13,1,4
BRDA:160,14,0,5
BRDA:160,14,1,5
BRDA:162,15,0,1
BRDA:168,16,0,1
BRDA:174,17,0,2
BRDA:191,18,0,1
BRDA:200,19,0,0
BRDA:200,20,0,1
BRDA:200,20,1,1
BRDA:224,21,0,7
BRDA:230,22,0,4
BRDA:232,23,0,2
BRDA:238,24,0,1
BRDA:238,25,0,2
BRDA:238,25,1,2
BRDA:238,26,0,0
BRDA:238,26,1,2
BRDA:238,27,0,2
BRDA:238,27,1,2
BRDA:240,28,0,0
BRDA:254,29,0,3
BRDA:261,30,0,1
BRDA:279,31,0,1
BRDA:292,32,0,1
BRF:45
BRH:37
end_of_record
TN:
SF:src/docs/geminiService.ts
FN:20,(anonymous_8)
FN:20,(anonymous_9)
FNF:2
FNH:0
FNDA:0,(anonymous_8)
FNDA:0,(anonymous_9)
DA:1,3
DA:2,3
DA:4,3
DA:6,3
DA:7,3
DA:20,3
DA:21,0
DA:22,0
DA:24,0
DA:39,0
DA:44,0
DA:47,0
DA:49,0
DA:52,0
DA:53,0
DA:57,3
LF:16
LH:7
BRF:0
BRH:0
end_of_record
TN:
SF:src/docs/recipeApi.ts
FN:40,(anonymous_8)
FN:40,(anonymous_9)
FN:54,(anonymous_10)
FN:68,(anonymous_11)
FN:68,(anonymous_12)
FN:88,(anonymous_13)
FNF:6
FNH:0
FNDA:0,(anonymous_8)
FNDA:0,(anonymous_9)
FNDA:0,(anonymous_10)
FNDA:0,(anonymous_11)
FNDA:0,(anonymous_12)
FNDA:0,(anonymous_13)
DA:1,3
DA:2,3
DA:4,3
DA:6,3
DA:7,3
DA:40,3
DA:41,0
DA:42,0
DA:45,0
DA:46,0
DA:54,0
DA:60,0
DA:61,0
DA:68,3
DA:69,0
DA:70,0
DA:73,0
DA:74,0
DA:78,0
DA:80,0
DA:88,0
DA:96,0
DA:97,0
LF:23
LH:7
BRDA:41,0,0,0
BRDA:69,1,0,0
BRDA:93,2,0,0
BRDA:93,2,1,0
BRF:4
BRH:0
end_of_record
TN:
SF:src/middleware/authMiddleware.ts
FN:11,(anonymous_1)
FNF:1
FNH:1
FNDA:64,(anonymous_1)
DA:1,3
DA:2,3
DA:5,3
DA:11,3
DA:12,64
DA:13,64
DA:14,64
DA:15,4
DA:16,4
DA:19,60
DA:20,60
DA:22,60
DA:23,60
DA:24,60
DA:26,0
DA:30,3
LF:16
LH:15
BRDA:14,0,0,4
BRDA:14,1,0,64
BRDA:14,1,1,60
BRF:3
BRH:3
end_of_record
TN:
SF:src/models/comment.ts
FN:20,(anonymous_8)
FN:32,(anonymous_10)
FNF:2
FNH:2
FNDA:3,(anonymous_8)
FNDA:3,(anonymous_10)
DA:1,3
DA:10,3
DA:21,3
DA:22,3
DA:33,3
DA:34,3
DA:45,3
DA:46,3
LF:8
LH:8
BRF:0
BRH:0
end_of_record
TN:
SF:src/models/post.ts
FNF:0
FNH:0
DA:1,3
DA:19,3
DA:35,3
DA:36,3
LF:4
LH:4
BRF:0
BRH:0
end_of_record
TN:
SF:src/models/user.ts
FNF:0
FNH:0
DA:1,3
DA:15,3
DA:45,3
DA:46,3
LF:4
LH:4
BRF:0
BRH:0
end_of_record
TN:
SF:src/routes/commentsRoutes.ts
FNF:0
FNH:0
DA:1,3
DA:2,3
DA:3,3
DA:10,3
DA:69,3
DA:96,3
DA:125,3
DA:148,3
DA:151,3
LF:9
LH:9
BRF:0
BRH:0
end_of_record
TN:
SF:src/routes/fileRoutes.ts
FN:9,(anonymous_1)
FN:13,(anonymous_2)
FN:23,(anonymous_3)
FNF:3
FNH:0
FNDA:0,(anonymous_1)
FNDA:0,(anonymous_2)
FNDA:0,(anonymous_3)
DA:1,3
DA:2,3
DA:3,3
DA:5,3
DA:8,3
DA:10,0
DA:11,0
DA:14,0
DA:15,0
DA:16,0
DA:20,3
DA:23,3
DA:24,0
DA:26,0
DA:27,0
DA:28,0
DA:29,0
DA:32,0
DA:33,0
DA:34,0
DA:37,3
LF:21
LH:8
BRDA:26,0,0,0
BRF:1
BRH:0
end_of_record
TN:
SF:src/routes/postsRoutes.ts
FN:22,(anonymous_1)
FN:25,(anonymous_2)
FNF:2
FNH:2
FNDA:13,(anonymous_1)
FNDA:13,(anonymous_2)
DA:1,3
DA:2,3
DA:3,3
DA:4,3
DA:5,3
DA:6,3
DA:8,3
DA:18,3
DA:21,3
DA:23,13
DA:26,13
DA:30,3
DA:33,3
DA:149,3
DA:170,3
DA:204,3
DA:231,3
DA:257,3
DA:281,3
DA:316,3
DA:340,3
DA:345,3
DA:348,3
DA:349,3
LF:24
LH:24
BRF:0
BRH:0
end_of_record
TN:
SF:src/routes/recipeRoutes.ts
FNF:0
FNH:0
DA:1,3
DA:2,3
DA:3,3
DA:5,3
DA:10,3
DA:15,3
DA:17,3
LF:7
LH:7
BRF:0
BRH:0
end_of_record
TN:
SF:src/routes/usersRoutes.ts
FN:13,(anonymous_1)
FN:17,(anonymous_2)
FN:26,(anonymous_3)
FNF:3
FNH:3
FNDA:2,(anonymous_1)
FNDA:2,(anonymous_2)
FNDA:2,(anonymous_3)
DA:1,3
DA:2,3
DA:3,3
DA:4,3
DA:7,3
DA:12,3
DA:14,2
DA:15,2
DA:18,2
DA:19,2
DA:26,3
DA:27,2
DA:28,2
DA:30,0
DA:34,3
DA:36,3
DA:37,3
DA:108,3
DA:145,3
DA:165,3
DA:198,3
DA:253,3
DA:277,3
DA:318,3
DA:360,3
DA:398,3
DA:402,3
LF:27
LH:26
BRDA:27,0,0,2
BRDA:27,0,1,0
BRF:2
BRH:1
end_of_record
